Analysis & Synthesis report for CU
Mon Dec 25 14:24:20 2023
Quartus Prime Version 22.1std.0 Build 915 10/25/2022 SC Lite Edition


---------------------
; Table of Contents ;
---------------------
  1. Legal Notice
  2. Analysis & Synthesis Summary
  3. Analysis & Synthesis Settings
  4. Parallel Compilation
  5. Analysis & Synthesis Source Files Read
  6. Analysis & Synthesis Resource Usage Summary
  7. Analysis & Synthesis Resource Utilization by Entity
  8. Registers Removed During Synthesis
  9. Removed Registers Triggering Further Register Optimizations
 10. General Register Statistics
 11. Multiplexer Restructuring Statistics (Restructuring Performed)
 12. Port Connectivity Checks: "ALU:alu_block"
 13. Port Connectivity Checks: "ROM:rom_block"
 14. Post-Synthesis Netlist Statistics for Top Partition
 15. Elapsed Time Per Partition
 16. Analysis & Synthesis Messages



----------------
; Legal Notice ;
----------------
Copyright (C) 2022  Intel Corporation. All rights reserved.
Your use of Intel Corporation's design tools, logic functions 
and other software and tools, and any partner logic 
functions, and any output files from any of the foregoing 
(including device programming or simulation files), and any 
associated documentation or information are expressly subject 
to the terms and conditions of the Intel Program License 
Subscription Agreement, the Intel Quartus Prime License Agreement,
the Intel FPGA IP License Agreement, or other applicable license
agreement, including, without limitation, that your use is for
the sole purpose of programming logic devices manufactured by
Intel and sold by Intel or its authorized distributors.  Please
refer to the applicable agreement for further details, at
https://fpgasoftware.intel.com/eula.



+-------------------------------------------------------------------------------------+
; Analysis & Synthesis Summary                                                        ;
+------------------------------------+------------------------------------------------+
; Analysis & Synthesis Status        ; Successful - Mon Dec 25 14:24:20 2023          ;
; Quartus Prime Version              ; 22.1std.0 Build 915 10/25/2022 SC Lite Edition ;
; Revision Name                      ; CU                                             ;
; Top-level Entity Name              ; CU                                             ;
; Family                             ; Cyclone IV E                                   ;
; Total logic elements               ; 129                                            ;
;     Total combinational functions  ; 114                                            ;
;     Dedicated logic registers      ; 53                                             ;
; Total registers                    ; 53                                             ;
; Total pins                         ; 22                                             ;
; Total virtual pins                 ; 0                                              ;
; Total memory bits                  ; 0                                              ;
; Embedded Multiplier 9-bit elements ; 0                                              ;
; Total PLLs                         ; 0                                              ;
+------------------------------------+------------------------------------------------+


+------------------------------------------------------------------------------------------------------------+
; Analysis & Synthesis Settings                                                                              ;
+------------------------------------------------------------------+--------------------+--------------------+
; Option                                                           ; Setting            ; Default Value      ;
+------------------------------------------------------------------+--------------------+--------------------+
; Device                                                           ; EP4CE6E22C8L       ;                    ;
; Top-level entity name                                            ; CU                 ; CU                 ;
; Family name                                                      ; Cyclone IV E       ; Cyclone V          ;
; Use smart compilation                                            ; Off                ; Off                ;
; Enable parallel Assembler and Timing Analyzer during compilation ; On                 ; On                 ;
; Enable compact report table                                      ; Off                ; Off                ;
; Restructure Multiplexers                                         ; Auto               ; Auto               ;
; Create Debugging Nodes for IP Cores                              ; Off                ; Off                ;
; Preserve fewer node names                                        ; On                 ; On                 ;
; Intel FPGA IP Evaluation Mode                                    ; Enable             ; Enable             ;
; Verilog Version                                                  ; Verilog_2001       ; Verilog_2001       ;
; VHDL Version                                                     ; VHDL_1993          ; VHDL_1993          ;
; State Machine Processing                                         ; Auto               ; Auto               ;
; Safe State Machine                                               ; Off                ; Off                ;
; Extract Verilog State Machines                                   ; On                 ; On                 ;
; Extract VHDL State Machines                                      ; On                 ; On                 ;
; Ignore Verilog initial constructs                                ; Off                ; Off                ;
; Iteration limit for constant Verilog loops                       ; 5000               ; 5000               ;
; Iteration limit for non-constant Verilog loops                   ; 250                ; 250                ;
; Add Pass-Through Logic to Inferred RAMs                          ; On                 ; On                 ;
; Infer RAMs from Raw Logic                                        ; On                 ; On                 ;
; Parallel Synthesis                                               ; On                 ; On                 ;
; DSP Block Balancing                                              ; Auto               ; Auto               ;
; NOT Gate Push-Back                                               ; On                 ; On                 ;
; Power-Up Don't Care                                              ; On                 ; On                 ;
; Remove Redundant Logic Cells                                     ; Off                ; Off                ;
; Remove Duplicate Registers                                       ; On                 ; On                 ;
; Ignore CARRY Buffers                                             ; Off                ; Off                ;
; Ignore CASCADE Buffers                                           ; Off                ; Off                ;
; Ignore GLOBAL Buffers                                            ; Off                ; Off                ;
; Ignore ROW GLOBAL Buffers                                        ; Off                ; Off                ;
; Ignore LCELL Buffers                                             ; Off                ; Off                ;
; Ignore SOFT Buffers                                              ; On                 ; On                 ;
; Limit AHDL Integers to 32 Bits                                   ; Off                ; Off                ;
; Optimization Technique                                           ; Balanced           ; Balanced           ;
; Carry Chain Length                                               ; 70                 ; 70                 ;
; Auto Carry Chains                                                ; On                 ; On                 ;
; Auto Open-Drain Pins                                             ; On                 ; On                 ;
; Perform WYSIWYG Primitive Resynthesis                            ; Off                ; Off                ;
; Auto ROM Replacement                                             ; On                 ; On                 ;
; Auto RAM Replacement                                             ; On                 ; On                 ;
; Auto DSP Block Replacement                                       ; On                 ; On                 ;
; Auto Shift Register Replacement                                  ; Auto               ; Auto               ;
; Allow Shift Register Merging across Hierarchies                  ; Auto               ; Auto               ;
; Auto Clock Enable Replacement                                    ; On                 ; On                 ;
; Strict RAM Replacement                                           ; Off                ; Off                ;
; Allow Synchronous Control Signals                                ; On                 ; On                 ;
; Force Use of Synchronous Clear Signals                           ; Off                ; Off                ;
; Auto RAM Block Balancing                                         ; On                 ; On                 ;
; Auto RAM to Logic Cell Conversion                                ; Off                ; Off                ;
; Auto Resource Sharing                                            ; Off                ; Off                ;
; Allow Any RAM Size For Recognition                               ; Off                ; Off                ;
; Allow Any ROM Size For Recognition                               ; Off                ; Off                ;
; Allow Any Shift Register Size For Recognition                    ; Off                ; Off                ;
; Use LogicLock Constraints during Resource Balancing              ; On                 ; On                 ;
; Ignore translate_off and synthesis_off directives                ; Off                ; Off                ;
; Timing-Driven Synthesis                                          ; On                 ; On                 ;
; Report Parameter Settings                                        ; On                 ; On                 ;
; Report Source Assignments                                        ; On                 ; On                 ;
; Report Connectivity Checks                                       ; On                 ; On                 ;
; Ignore Maximum Fan-Out Assignments                               ; Off                ; Off                ;
; Synchronization Register Chain Length                            ; 2                  ; 2                  ;
; Power Optimization During Synthesis                              ; Normal compilation ; Normal compilation ;
; HDL message level                                                ; Level2             ; Level2             ;
; Suppress Register Optimization Related Messages                  ; Off                ; Off                ;
; Number of Removed Registers Reported in Synthesis Report         ; 5000               ; 5000               ;
; Number of Swept Nodes Reported in Synthesis Report               ; 5000               ; 5000               ;
; Number of Inverted Registers Reported in Synthesis Report        ; 100                ; 100                ;
; Clock MUX Protection                                             ; On                 ; On                 ;
; Auto Gated Clock Conversion                                      ; Off                ; Off                ;
; Block Design Naming                                              ; Auto               ; Auto               ;
; SDC constraint protection                                        ; Off                ; Off                ;
; Synthesis Effort                                                 ; Auto               ; Auto               ;
; Shift Register Replacement - Allow Asynchronous Clear Signal     ; On                 ; On                 ;
; Pre-Mapping Resynthesis Optimization                             ; Off                ; Off                ;
; Analysis & Synthesis Message Level                               ; Medium             ; Medium             ;
; Disable Register Merging Across Hierarchies                      ; Auto               ; Auto               ;
; Resource Aware Inference For Block RAM                           ; On                 ; On                 ;
+------------------------------------------------------------------+--------------------+--------------------+


+------------------------------------------+
; Parallel Compilation                     ;
+----------------------------+-------------+
; Processors                 ; Number      ;
+----------------------------+-------------+
; Number detected on machine ; 8           ;
; Maximum allowed            ; 4           ;
;                            ;             ;
; Average used               ; 1.00        ;
; Maximum used               ; 4           ;
;                            ;             ;
; Usage by Processor         ; % Time Used ;
;     Processor 1            ; 100.0%      ;
;     Processors 2-4         ;   0.0%      ;
+----------------------------+-------------+


+-------------------------------------------------------------------------------------------------------------------------------+
; Analysis & Synthesis Source Files Read                                                                                        ;
+----------------------------------+-----------------+-----------------+----------------------------------------------+---------+
; File Name with User-Entered Path ; Used in Netlist ; File Type       ; File Name with Absolute Path                 ; Library ;
+----------------------------------+-----------------+-----------------+----------------------------------------------+---------+
; ROM.vhdl                         ; yes             ; User VHDL File  ; C:/Users/youssef/Desktop/New folder/ROM.vhdl ;         ;
; RAM.vhdl                         ; yes             ; User VHDL File  ; C:/Users/youssef/Desktop/New folder/RAM.vhdl ;         ;
; ALU.vhdl                         ; yes             ; User VHDL File  ; C:/Users/youssef/Desktop/New folder/ALU.vhdl ;         ;
; CU.vhdl                          ; yes             ; User VHDL File  ; C:/Users/youssef/Desktop/New folder/CU.vhdl  ;         ;
+----------------------------------+-----------------+-----------------+----------------------------------------------+---------+


+---------------------------------------------------------+
; Analysis & Synthesis Resource Usage Summary             ;
+---------------------------------------------+-----------+
; Resource                                    ; Usage     ;
+---------------------------------------------+-----------+
; Estimated Total logic elements              ; 129       ;
;                                             ;           ;
; Total combinational functions               ; 114       ;
; Logic element usage by number of LUT inputs ;           ;
;     -- 4 input functions                    ; 46        ;
;     -- 3 input functions                    ; 42        ;
;     -- <=2 input functions                  ; 26        ;
;                                             ;           ;
; Logic elements by mode                      ;           ;
;     -- normal mode                          ; 84        ;
;     -- arithmetic mode                      ; 30        ;
;                                             ;           ;
; Total registers                             ; 53        ;
;     -- Dedicated logic registers            ; 53        ;
;     -- I/O registers                        ; 0         ;
;                                             ;           ;
; I/O pins                                    ; 22        ;
;                                             ;           ;
; Embedded Multiplier 9-bit elements          ; 0         ;
;                                             ;           ;
; Maximum fan-out node                        ; clk~input ;
; Maximum fan-out                             ; 53        ;
; Total fan-out                               ; 576       ;
; Average fan-out                             ; 2.68      ;
+---------------------------------------------+-----------+


+----------------------------------------------------------------------------------------------------------------------------------------------------------------------------------------------------------+
; Analysis & Synthesis Resource Utilization by Entity                                                                                                                                                      ;
+----------------------------+---------------------+---------------------------+-------------+--------------+---------+-----------+------+--------------+---------------------+-------------+--------------+
; Compilation Hierarchy Node ; Combinational ALUTs ; Dedicated Logic Registers ; Memory Bits ; DSP Elements ; DSP 9x9 ; DSP 18x18 ; Pins ; Virtual Pins ; Full Hierarchy Name ; Entity Name ; Library Name ;
+----------------------------+---------------------+---------------------------+-------------+--------------+---------+-----------+------+--------------+---------------------+-------------+--------------+
; |CU                        ; 114 (107)           ; 53 (53)                   ; 0           ; 0            ; 0       ; 0         ; 22   ; 0            ; |CU                 ; CU          ; work         ;
;    |ROM:rom_block|         ; 7 (7)               ; 0 (0)                     ; 0           ; 0            ; 0       ; 0         ; 0    ; 0            ; |CU|ROM:rom_block   ; ROM         ; work         ;
+----------------------------+---------------------+---------------------------+-------------+--------------+---------+-----------+------+--------------+---------------------+-------------+--------------+
Note: For table entries with two numbers listed, the numbers in parentheses indicate the number of resources of the given type used by the specific entity alone. The numbers listed outside of parentheses indicate the total resources of the given type used by the specific entity and all of its sub-entities in the hierarchy.


+---------------------------------------------------------------------------------------+
; Registers Removed During Synthesis                                                    ;
+-----------------------------------------+---------------------------------------------+
; Register name                           ; Reason for Removal                          ;
+-----------------------------------------+---------------------------------------------+
; Register_file[7][0]                     ; Lost fanout                                 ;
; Register_file[7][1]                     ; Lost fanout                                 ;
; Register_file[7][2]                     ; Lost fanout                                 ;
; Register_file[7][3]                     ; Lost fanout                                 ;
; Register_file[7][4]                     ; Lost fanout                                 ;
; Register_file[7][5]                     ; Lost fanout                                 ;
; Register_file[7][6]                     ; Lost fanout                                 ;
; Register_file[7][7]                     ; Lost fanout                                 ;
; Register_file[7][8]                     ; Lost fanout                                 ;
; Register_file[7][9]                     ; Lost fanout                                 ;
; Register_file[7][10]                    ; Lost fanout                                 ;
; Register_file[7][11]                    ; Lost fanout                                 ;
; Register_file[7][12]                    ; Lost fanout                                 ;
; Register_file[7][13]                    ; Lost fanout                                 ;
; Register_file[7][14]                    ; Lost fanout                                 ;
; Register_file[7][15]                    ; Lost fanout                                 ;
; Register_file[6][0]                     ; Lost fanout                                 ;
; Register_file[6][1]                     ; Lost fanout                                 ;
; Register_file[6][2]                     ; Lost fanout                                 ;
; Register_file[6][3]                     ; Lost fanout                                 ;
; Register_file[6][4]                     ; Lost fanout                                 ;
; Register_file[6][5]                     ; Lost fanout                                 ;
; Register_file[6][6]                     ; Lost fanout                                 ;
; Register_file[6][7]                     ; Lost fanout                                 ;
; Register_file[6][8]                     ; Lost fanout                                 ;
; Register_file[6][9]                     ; Lost fanout                                 ;
; Register_file[6][10]                    ; Lost fanout                                 ;
; Register_file[6][11]                    ; Lost fanout                                 ;
; Register_file[6][12]                    ; Lost fanout                                 ;
; Register_file[6][13]                    ; Lost fanout                                 ;
; Register_file[6][14]                    ; Lost fanout                                 ;
; Register_file[6][15]                    ; Lost fanout                                 ;
; Register_file[5][0]                     ; Lost fanout                                 ;
; Register_file[5][1]                     ; Lost fanout                                 ;
; Register_file[5][2]                     ; Lost fanout                                 ;
; Register_file[5][3]                     ; Lost fanout                                 ;
; Register_file[5][4]                     ; Lost fanout                                 ;
; Register_file[5][5]                     ; Lost fanout                                 ;
; Register_file[5][6]                     ; Lost fanout                                 ;
; Register_file[5][7]                     ; Lost fanout                                 ;
; Register_file[5][8]                     ; Lost fanout                                 ;
; Register_file[5][9]                     ; Lost fanout                                 ;
; Register_file[5][10]                    ; Lost fanout                                 ;
; Register_file[5][11]                    ; Lost fanout                                 ;
; Register_file[5][12]                    ; Lost fanout                                 ;
; Register_file[5][13]                    ; Lost fanout                                 ;
; Register_file[5][14]                    ; Lost fanout                                 ;
; Register_file[5][15]                    ; Lost fanout                                 ;
; Register_file[4][0]                     ; Lost fanout                                 ;
; Register_file[4][1]                     ; Lost fanout                                 ;
; Register_file[4][2]                     ; Lost fanout                                 ;
; Register_file[4][3]                     ; Lost fanout                                 ;
; Register_file[4][4]                     ; Lost fanout                                 ;
; Register_file[4][5]                     ; Lost fanout                                 ;
; Register_file[4][6]                     ; Lost fanout                                 ;
; Register_file[4][7]                     ; Lost fanout                                 ;
; Register_file[4][8]                     ; Lost fanout                                 ;
; Register_file[4][9]                     ; Lost fanout                                 ;
; Register_file[4][10]                    ; Lost fanout                                 ;
; Register_file[4][11]                    ; Lost fanout                                 ;
; Register_file[4][12]                    ; Lost fanout                                 ;
; Register_file[4][13]                    ; Lost fanout                                 ;
; Register_file[4][14]                    ; Lost fanout                                 ;
; Register_file[4][15]                    ; Lost fanout                                 ;
; Register_file[3][0]                     ; Lost fanout                                 ;
; Register_file[3][1]                     ; Lost fanout                                 ;
; Register_file[3][2]                     ; Lost fanout                                 ;
; Register_file[3][3]                     ; Lost fanout                                 ;
; Register_file[3][4]                     ; Lost fanout                                 ;
; Register_file[3][5]                     ; Lost fanout                                 ;
; Register_file[3][6]                     ; Lost fanout                                 ;
; Register_file[3][7]                     ; Lost fanout                                 ;
; Register_file[3][8]                     ; Lost fanout                                 ;
; Register_file[3][9]                     ; Lost fanout                                 ;
; Register_file[3][10]                    ; Lost fanout                                 ;
; Register_file[3][11]                    ; Lost fanout                                 ;
; Register_file[3][12]                    ; Lost fanout                                 ;
; Register_file[3][13]                    ; Lost fanout                                 ;
; Register_file[3][14]                    ; Lost fanout                                 ;
; Register_file[3][15]                    ; Lost fanout                                 ;
; Register_file[2][0]                     ; Lost fanout                                 ;
; Register_file[2][1]                     ; Lost fanout                                 ;
; Register_file[2][2]                     ; Lost fanout                                 ;
; Register_file[2][3]                     ; Lost fanout                                 ;
; Register_file[2][4]                     ; Lost fanout                                 ;
; Register_file[2][5]                     ; Lost fanout                                 ;
; Register_file[2][6]                     ; Lost fanout                                 ;
; Register_file[2][7]                     ; Lost fanout                                 ;
; Register_file[2][8]                     ; Lost fanout                                 ;
; Register_file[2][9]                     ; Lost fanout                                 ;
; Register_file[2][10]                    ; Lost fanout                                 ;
; Register_file[2][11]                    ; Lost fanout                                 ;
; Register_file[2][12]                    ; Lost fanout                                 ;
; Register_file[2][13]                    ; Lost fanout                                 ;
; Register_file[2][14]                    ; Lost fanout                                 ;
; Register_file[2][15]                    ; Lost fanout                                 ;
; flag_register[1]                        ; Lost fanout                                 ;
; carryvalue[16]                          ; Lost fanout                                 ;
; ram_block_input[0..15]                  ; Stuck at GND due to stuck port clock_enable ;
; ram_block_RE                            ; Stuck at GND due to stuck port data_in      ;
; ram_block_CE                            ; Stuck at GND due to stuck port data_in      ;
; ram_block_WE                            ; Stuck at GND due to stuck port data_in      ;
; ram_block_addr[0..3]                    ; Stuck at GND due to stuck port data_in      ;
; Total Number of Removed Registers = 121 ;                                             ;
+-----------------------------------------+---------------------------------------------+


+--------------------------------------------------------------------------------+
; Removed Registers Triggering Further Register Optimizations                    ;
+------------------+--------------------+----------------------------------------+
; Register name    ; Reason for Removal ; Registers Removed due to This Register ;
+------------------+--------------------+----------------------------------------+
; flag_register[1] ; Lost Fanouts       ; carryvalue[16]                         ;
+------------------+--------------------+----------------------------------------+


+------------------------------------------------------+
; General Register Statistics                          ;
+----------------------------------------------+-------+
; Statistic                                    ; Value ;
+----------------------------------------------+-------+
; Total registers                              ; 53    ;
; Number of registers using Synchronous Clear  ; 18    ;
; Number of registers using Synchronous Load   ; 0     ;
; Number of registers using Asynchronous Clear ; 0     ;
; Number of registers using Asynchronous Load  ; 0     ;
; Number of registers using Clock Enable       ; 46    ;
; Number of registers using Preset             ; 0     ;
+----------------------------------------------+-------+


+------------------------------------------------------------------------------------------------------------------------------------------+
; Multiplexer Restructuring Statistics (Restructuring Performed)                                                                           ;
+--------------------+-----------+---------------+----------------------+------------------------+------------+----------------------------+
; Multiplexer Inputs ; Bus Width ; Baseline Area ; Area if Restructured ; Saving if Restructured ; Registered ; Example Multiplexer Output ;
+--------------------+-----------+---------------+----------------------+------------------------+------------+----------------------------+
; 3:1                ; 4 bits    ; 8 LEs         ; 8 LEs                ; 0 LEs                  ; Yes        ; |CU|pc[2]~reg0             ;
; 3:1                ; 11 bits   ; 22 LEs        ; 11 LEs               ; 11 LEs                 ; Yes        ; |CU|result[9]~reg0         ;
; 3:1                ; 5 bits    ; 10 LEs        ; 5 LEs                ; 5 LEs                  ; Yes        ; |CU|result[1]~reg0         ;
; 18:1               ; 9 bits    ; 108 LEs       ; 18 LEs               ; 90 LEs                 ; Yes        ; |CU|Register_file[1][13]   ;
; 18:1               ; 9 bits    ; 108 LEs       ; 18 LEs               ; 90 LEs                 ; Yes        ; |CU|Register_file[0][14]   ;
; 4:1                ; 2 bits    ; 4 LEs         ; 4 LEs                ; 0 LEs                  ; No         ; |CU|Register_file          ;
; 16:1               ; 2 bits    ; 20 LEs        ; 4 LEs                ; 16 LEs                 ; No         ; |CU|Register_file          ;
; 16:1               ; 4 bits    ; 40 LEs        ; 8 LEs                ; 32 LEs                 ; No         ; |CU|Register_file          ;
+--------------------+-----------+---------------+----------------------+------------------------+------------+----------------------------+


+-------------------------------------------------------------------------------------------------------------------+
; Port Connectivity Checks: "ALU:alu_block"                                                                         ;
+---------+--------+----------+-------------------------------------------------------------------------------------+
; Port    ; Type   ; Severity ; Details                                                                             ;
+---------+--------+----------+-------------------------------------------------------------------------------------+
; alu_out ; Output ; Info     ; Connected to dangling logic. Logic that only feeds a dangling port will be removed. ;
+---------+--------+----------+-------------------------------------------------------------------------------------+


+-------------------------------------------+
; Port Connectivity Checks: "ROM:rom_block" ;
+------+-------+----------+-----------------+
; Port ; Type  ; Severity ; Details         ;
+------+-------+----------+-----------------+
; ce   ; Input ; Info     ; Stuck at VCC    ;
; re   ; Input ; Info     ; Stuck at VCC    ;
+------+-------+----------+-----------------+


+-----------------------------------------------------+
; Post-Synthesis Netlist Statistics for Top Partition ;
+-----------------------+-----------------------------+
; Type                  ; Count                       ;
+-----------------------+-----------------------------+
; boundary_port         ; 22                          ;
; cycloneiii_ff         ; 53                          ;
;     ENA               ; 28                          ;
;     ENA SCLR          ; 18                          ;
;     plain             ; 7                           ;
; cycloneiii_io_obuf    ; 4                           ;
; cycloneiii_lcell_comb ; 114                         ;
;     arith             ; 30                          ;
;         2 data inputs ; 22                          ;
;         3 data inputs ; 8                           ;
;     normal            ; 84                          ;
;         1 data inputs ; 2                           ;
;         2 data inputs ; 2                           ;
;         3 data inputs ; 34                          ;
;         4 data inputs ; 46                          ;
;                       ;                             ;
; Max LUT depth         ; 7.50                        ;
; Average LUT depth     ; 4.94                        ;
+-----------------------+-----------------------------+


+-------------------------------+
; Elapsed Time Per Partition    ;
+----------------+--------------+
; Partition Name ; Elapsed Time ;
+----------------+--------------+
; Top            ; 00:00:00     ;
+----------------+--------------+


+-------------------------------+
; Analysis & Synthesis Messages ;
+-------------------------------+
Info: *******************************************************************
Info: Running Quartus Prime Analysis & Synthesis
    Info: Version 22.1std.0 Build 915 10/25/2022 SC Lite Edition
    Info: Processing started: Mon Dec 25 14:24:10 2023
Info: Command: quartus_map --read_settings_files=on --write_settings_files=off CU -c CU
Warning (18236): Number of processors has not been specified which may cause overloading on shared machines.  Set the global assignment NUM_PARALLEL_PROCESSORS in your QSF to an appropriate value for best performance.
Info (20030): Parallel compilation is enabled and will use 4 of the 4 processors detected
Info (12021): Found 2 design units, including 1 entities, in source file rom.vhdl
    Info (12022): Found design unit 1: ROM-behave File: C:/Users/youssef/Desktop/New folder/ROM.vhdl Line: 16
    Info (12023): Found entity 1: ROM File: C:/Users/youssef/Desktop/New folder/ROM.vhdl Line: 6
Info (12021): Found 2 design units, including 1 entities, in source file ram.vhdl
    Info (12022): Found design unit 1: RAM-behave File: C:/Users/youssef/Desktop/New folder/RAM.vhdl Line: 18
    Info (12023): Found entity 1: RAM File: C:/Users/youssef/Desktop/New folder/RAM.vhdl Line: 6
Info (12021): Found 2 design units, including 1 entities, in source file alu.vhdl
    Info (12022): Found design unit 1: ALU-Arc_ALU File: C:/Users/youssef/Desktop/New folder/ALU.vhdl Line: 15
    Info (12023): Found entity 1: ALU File: C:/Users/youssef/Desktop/New folder/ALU.vhdl Line: 6
Info (12021): Found 2 design units, including 1 entities, in source file cu.vhdl
    Info (12022): Found design unit 1: CU-behavioral File: C:/Users/youssef/Desktop/New folder/CU.vhdl Line: 15
    Info (12023): Found entity 1: CU File: C:/Users/youssef/Desktop/New folder/CU.vhdl Line: 6
Info (12127): Elaborating entity "CU" for the top level hierarchy
Warning (10541): VHDL Signal Declaration warning at CU.vhdl(66): used implicit default value for signal "alu_block_A" because signal was never assigned a value or an explicit default value. Use of implicit default value may introduce unintended design optimizations. File: C:/Users/youssef/Desktop/New folder/CU.vhdl Line: 66
Warning (10541): VHDL Signal Declaration warning at CU.vhdl(66): used implicit default value for signal "alu_block_B" because signal was never assigned a value or an explicit default value. Use of implicit default value may introduce unintended design optimizations. File: C:/Users/youssef/Desktop/New folder/CU.vhdl Line: 66
Warning (10036): Verilog HDL or VHDL warning at CU.vhdl(66): object "alu_block_OUT" assigned a value but never read File: C:/Users/youssef/Desktop/New folder/CU.vhdl Line: 66
Warning (10541): VHDL Signal Declaration warning at CU.vhdl(67): used implicit default value for signal "alu_block_opcode" because signal was never assigned a value or an explicit default value. Use of implicit default value may introduce unintended design optimizations. File: C:/Users/youssef/Desktop/New folder/CU.vhdl Line: 67
Warning (10541): VHDL Signal Declaration warning at CU.vhdl(68): used implicit default value for signal "alu_block_func" because signal was never assigned a value or an explicit default value. Use of implicit default value may introduce unintended design optimizations. File: C:/Users/youssef/Desktop/New folder/CU.vhdl Line: 68
Warning (10541): VHDL Signal Declaration warning at CU.vhdl(83): used implicit default value for signal "imm" because signal was never assigned a value or an explicit default value. Use of implicit default value may introduce unintended design optimizations. File: C:/Users/youssef/Desktop/New folder/CU.vhdl Line: 83
Info (12128): Elaborating entity "ROM" for hierarchy "ROM:rom_block" File: C:/Users/youssef/Desktop/New folder/CU.vhdl Line: 90
Warning (10631): VHDL Process Statement warning at ROM.vhdl(39): inferring latch(es) for signal or variable "OUTP", which holds its previous value in one or more paths through the process File: C:/Users/youssef/Desktop/New folder/ROM.vhdl Line: 39
Info (10041): Inferred latch for "OUTP[0]" at ROM.vhdl(39) File: C:/Users/youssef/Desktop/New folder/ROM.vhdl Line: 39
Info (10041): Inferred latch for "OUTP[1]" at ROM.vhdl(39) File: C:/Users/youssef/Desktop/New folder/ROM.vhdl Line: 39
Info (10041): Inferred latch for "OUTP[2]" at ROM.vhdl(39) File: C:/Users/youssef/Desktop/New folder/ROM.vhdl Line: 39
Info (10041): Inferred latch for "OUTP[3]" at ROM.vhdl(39) File: C:/Users/youssef/Desktop/New folder/ROM.vhdl Line: 39
Info (10041): Inferred latch for "OUTP[4]" at ROM.vhdl(39) File: C:/Users/youssef/Desktop/New folder/ROM.vhdl Line: 39
Info (10041): Inferred latch for "OUTP[5]" at ROM.vhdl(39) File: C:/Users/youssef/Desktop/New folder/ROM.vhdl Line: 39
Info (10041): Inferred latch for "OUTP[6]" at ROM.vhdl(39) File: C:/Users/youssef/Desktop/New folder/ROM.vhdl Line: 39
Info (10041): Inferred latch for "OUTP[7]" at ROM.vhdl(39) File: C:/Users/youssef/Desktop/New folder/ROM.vhdl Line: 39
Info (10041): Inferred latch for "OUTP[8]" at ROM.vhdl(39) File: C:/Users/youssef/Desktop/New folder/ROM.vhdl Line: 39
Info (10041): Inferred latch for "OUTP[9]" at ROM.vhdl(39) File: C:/Users/youssef/Desktop/New folder/ROM.vhdl Line: 39
Info (10041): Inferred latch for "OUTP[10]" at ROM.vhdl(39) File: C:/Users/youssef/Desktop/New folder/ROM.vhdl Line: 39
Info (10041): Inferred latch for "OUTP[11]" at ROM.vhdl(39) File: C:/Users/youssef/Desktop/New folder/ROM.vhdl Line: 39
Info (10041): Inferred latch for "OUTP[12]" at ROM.vhdl(39) File: C:/Users/youssef/Desktop/New folder/ROM.vhdl Line: 39
Info (10041): Inferred latch for "OUTP[13]" at ROM.vhdl(39) File: C:/Users/youssef/Desktop/New folder/ROM.vhdl Line: 39
Info (10041): Inferred latch for "OUTP[14]" at ROM.vhdl(39) File: C:/Users/youssef/Desktop/New folder/ROM.vhdl Line: 39
Info (10041): Inferred latch for "OUTP[15]" at ROM.vhdl(39) File: C:/Users/youssef/Desktop/New folder/ROM.vhdl Line: 39
Info (12128): Elaborating entity "ALU" for hierarchy "ALU:alu_block" File: C:/Users/youssef/Desktop/New folder/CU.vhdl Line: 91
Warning (10631): VHDL Process Statement warning at ALU.vhdl(17): inferring latch(es) for signal or variable "ALU_OUT", which holds its previous value in one or more paths through the process File: C:/Users/youssef/Desktop/New folder/ALU.vhdl Line: 17
Info (10041): Inferred latch for "ALU_OUT[0]" at ALU.vhdl(17) File: C:/Users/youssef/Desktop/New folder/ALU.vhdl Line: 17
Info (10041): Inferred latch for "ALU_OUT[1]" at ALU.vhdl(17) File: C:/Users/youssef/Desktop/New folder/ALU.vhdl Line: 17
Info (10041): Inferred latch for "ALU_OUT[2]" at ALU.vhdl(17) File: C:/Users/youssef/Desktop/New folder/ALU.vhdl Line: 17
Info (10041): Inferred latch for "ALU_OUT[3]" at ALU.vhdl(17) File: C:/Users/youssef/Desktop/New folder/ALU.vhdl Line: 17
Info (10041): Inferred latch for "ALU_OUT[4]" at ALU.vhdl(17) File: C:/Users/youssef/Desktop/New folder/ALU.vhdl Line: 17
Info (10041): Inferred latch for "ALU_OUT[5]" at ALU.vhdl(17) File: C:/Users/youssef/Desktop/New folder/ALU.vhdl Line: 17
Info (10041): Inferred latch for "ALU_OUT[6]" at ALU.vhdl(17) File: C:/Users/youssef/Desktop/New folder/ALU.vhdl Line: 17
Info (10041): Inferred latch for "ALU_OUT[7]" at ALU.vhdl(17) File: C:/Users/youssef/Desktop/New folder/ALU.vhdl Line: 17
Info (10041): Inferred latch for "ALU_OUT[8]" at ALU.vhdl(17) File: C:/Users/youssef/Desktop/New folder/ALU.vhdl Line: 17
Info (10041): Inferred latch for "ALU_OUT[9]" at ALU.vhdl(17) File: C:/Users/youssef/Desktop/New folder/ALU.vhdl Line: 17
Info (10041): Inferred latch for "ALU_OUT[10]" at ALU.vhdl(17) File: C:/Users/youssef/Desktop/New folder/ALU.vhdl Line: 17
Info (10041): Inferred latch for "ALU_OUT[11]" at ALU.vhdl(17) File: C:/Users/youssef/Desktop/New folder/ALU.vhdl Line: 17
Info (10041): Inferred latch for "ALU_OUT[12]" at ALU.vhdl(17) File: C:/Users/youssef/Desktop/New folder/ALU.vhdl Line: 17
Info (10041): Inferred latch for "ALU_OUT[13]" at ALU.vhdl(17) File: C:/Users/youssef/Desktop/New folder/ALU.vhdl Line: 17
Info (10041): Inferred latch for "ALU_OUT[14]" at ALU.vhdl(17) File: C:/Users/youssef/Desktop/New folder/ALU.vhdl Line: 17
Info (10041): Inferred latch for "ALU_OUT[15]" at ALU.vhdl(17) File: C:/Users/youssef/Desktop/New folder/ALU.vhdl Line: 17
Info (12128): Elaborating entity "RAM" for hierarchy "RAM:ram_block" File: C:/Users/youssef/Desktop/New folder/CU.vhdl Line: 92
Warning (10492): VHDL Process Statement warning at RAM.vhdl(44): signal "RAM_data" is read inside the Process Statement but isn't in the Process Statement's sensitivity list File: C:/Users/youssef/Desktop/New folder/RAM.vhdl Line: 44
Warning (10492): VHDL Process Statement warning at RAM.vhdl(46): signal "INP" is read inside the Process Statement but isn't in the Process Statement's sensitivity list File: C:/Users/youssef/Desktop/New folder/RAM.vhdl Line: 46
Warning (10631): VHDL Process Statement warning at RAM.vhdl(41): inferring latch(es) for signal or variable "OUTP", which holds its previous value in one or more paths through the process File: C:/Users/youssef/Desktop/New folder/RAM.vhdl Line: 41
Info (10041): Inferred latch for "OUTP[0]" at RAM.vhdl(41) File: C:/Users/youssef/Desktop/New folder/RAM.vhdl Line: 41
Info (10041): Inferred latch for "OUTP[1]" at RAM.vhdl(41) File: C:/Users/youssef/Desktop/New folder/RAM.vhdl Line: 41
Info (10041): Inferred latch for "OUTP[2]" at RAM.vhdl(41) File: C:/Users/youssef/Desktop/New folder/RAM.vhdl Line: 41
Info (10041): Inferred latch for "OUTP[3]" at RAM.vhdl(41) File: C:/Users/youssef/Desktop/New folder/RAM.vhdl Line: 41
Info (10041): Inferred latch for "OUTP[4]" at RAM.vhdl(41) File: C:/Users/youssef/Desktop/New folder/RAM.vhdl Line: 41
Info (10041): Inferred latch for "OUTP[5]" at RAM.vhdl(41) File: C:/Users/youssef/Desktop/New folder/RAM.vhdl Line: 41
Info (10041): Inferred latch for "OUTP[6]" at RAM.vhdl(41) File: C:/Users/youssef/Desktop/New folder/RAM.vhdl Line: 41
Info (10041): Inferred latch for "OUTP[7]" at RAM.vhdl(41) File: C:/Users/youssef/Desktop/New folder/RAM.vhdl Line: 41
Info (10041): Inferred latch for "OUTP[8]" at RAM.vhdl(41) File: C:/Users/youssef/Desktop/New folder/RAM.vhdl Line: 41
Info (10041): Inferred latch for "OUTP[9]" at RAM.vhdl(41) File: C:/Users/youssef/Desktop/New folder/RAM.vhdl Line: 41
Info (10041): Inferred latch for "OUTP[10]" at RAM.vhdl(41) File: C:/Users/youssef/Desktop/New folder/RAM.vhdl Line: 41
Info (10041): Inferred latch for "OUTP[11]" at RAM.vhdl(41) File: C:/Users/youssef/Desktop/New folder/RAM.vhdl Line: 41
Info (10041): Inferred latch for "OUTP[12]" at RAM.vhdl(41) File: C:/Users/youssef/Desktop/New folder/RAM.vhdl Line: 41
Info (10041): Inferred latch for "OUTP[13]" at RAM.vhdl(41) File: C:/Users/youssef/Desktop/New folder/RAM.vhdl Line: 41
Info (10041): Inferred latch for "OUTP[14]" at RAM.vhdl(41) File: C:/Users/youssef/Desktop/New folder/RAM.vhdl Line: 41
Info (10041): Inferred latch for "OUTP[15]" at RAM.vhdl(41) File: C:/Users/youssef/Desktop/New folder/RAM.vhdl Line: 41
Warning (14026): LATCH primitive "ROM:rom_block|OUTP[1]" is permanently enabled File: C:/Users/youssef/Desktop/New folder/ROM.vhdl Line: 39
Warning (14026): LATCH primitive "ROM:rom_block|OUTP[2]" is permanently enabled File: C:/Users/youssef/Desktop/New folder/ROM.vhdl Line: 39
Warning (14026): LATCH primitive "ROM:rom_block|OUTP[3]" is permanently enabled File: C:/Users/youssef/Desktop/New folder/ROM.vhdl Line: 39
Warning (14026): LATCH primitive "ROM:rom_block|OUTP[6]" is permanently enabled File: C:/Users/youssef/Desktop/New folder/ROM.vhdl Line: 39
Warning (14026): LATCH primitive "ROM:rom_block|OUTP[9]" is permanently enabled File: C:/Users/youssef/Desktop/New folder/ROM.vhdl Line: 39
Warning (14026): LATCH primitive "ROM:rom_block|OUTP[12]" is permanently enabled File: C:/Users/youssef/Desktop/New folder/ROM.vhdl Line: 39
Warning (14026): LATCH primitive "ROM:rom_block|OUTP[13]" is permanently enabled File: C:/Users/youssef/Desktop/New folder/ROM.vhdl Line: 39
Warning (14026): LATCH primitive "ROM:rom_block|OUTP[14]" is permanently enabled File: C:/Users/youssef/Desktop/New folder/ROM.vhdl Line: 39
Warning (14026): LATCH primitive "ROM:rom_block|OUTP[15]" is permanently enabled File: C:/Users/youssef/Desktop/New folder/ROM.vhdl Line: 39
Warning (14026): LATCH primitive "ROM:rom_block|OUTP[0]" is permanently enabled File: C:/Users/youssef/Desktop/New folder/ROM.vhdl Line: 39
Warning (14025): LATCH primitive "RAM:ram_block|OUTP[5]" is permanently disabled File: C:/Users/youssef/Desktop/New folder/RAM.vhdl Line: 41
Warning (14025): LATCH primitive "RAM:ram_block|OUTP[4]" is permanently disabled File: C:/Users/youssef/Desktop/New folder/RAM.vhdl Line: 41
Warning (14025): LATCH primitive "RAM:ram_block|OUTP[3]" is permanently disabled File: C:/Users/youssef/Desktop/New folder/RAM.vhdl Line: 41
Warning (14025): LATCH primitive "RAM:ram_block|OUTP[2]" is permanently disabled File: C:/Users/youssef/Desktop/New folder/RAM.vhdl Line: 41
Warning (14025): LATCH primitive "RAM:ram_block|OUTP[1]" is permanently disabled File: C:/Users/youssef/Desktop/New folder/RAM.vhdl Line: 41
Warning (14025): LATCH primitive "RAM:ram_block|OUTP[0]" is permanently disabled File: C:/Users/youssef/Desktop/New folder/RAM.vhdl Line: 41
Warning (13034): The following nodes have both tri-state and non-tri-state drivers
    Warning (13035): Inserted always-enabled tri-state buffer between "pc[0]" and its non-tri-state driver. File: C:/Users/youssef/Desktop/New folder/CU.vhdl Line: 97
    Warning (13035): Inserted always-enabled tri-state buffer between "pc[1]" and its non-tri-state driver. File: C:/Users/youssef/Desktop/New folder/CU.vhdl Line: 97
    Warning (13035): Inserted always-enabled tri-state buffer between "pc[2]" and its non-tri-state driver. File: C:/Users/youssef/Desktop/New folder/CU.vhdl Line: 97
    Warning (13035): Inserted always-enabled tri-state buffer between "pc[3]" and its non-tri-state driver. File: C:/Users/youssef/Desktop/New folder/CU.vhdl Line: 97
Info (13060): One or more bidirectional pins are fed by always enabled tri-state buffers
    Info (13061): Fan-out of permanently enabled tri-state buffer feeding bidirectional pin "pc[0]" is moved to its source File: C:/Users/youssef/Desktop/New folder/CU.vhdl Line: 97
    Info (13061): Fan-out of permanently enabled tri-state buffer feeding bidirectional pin "pc[1]" is moved to its source File: C:/Users/youssef/Desktop/New folder/CU.vhdl Line: 97
    Info (13061): Fan-out of permanently enabled tri-state buffer feeding bidirectional pin "pc[2]" is moved to its source File: C:/Users/youssef/Desktop/New folder/CU.vhdl Line: 97
    Info (13061): Fan-out of permanently enabled tri-state buffer feeding bidirectional pin "pc[3]" is moved to its source File: C:/Users/youssef/Desktop/New folder/CU.vhdl Line: 97
Warning (13009): TRI or OPNDRN buffers permanently enabled
    Warning (13010): Node "pc[0]~synth" File: C:/Users/youssef/Desktop/New folder/CU.vhdl Line: 97
    Warning (13010): Node "pc[1]~synth" File: C:/Users/youssef/Desktop/New folder/CU.vhdl Line: 97
    Warning (13010): Node "pc[2]~synth" File: C:/Users/youssef/Desktop/New folder/CU.vhdl Line: 97
    Warning (13010): Node "pc[3]~synth" File: C:/Users/youssef/Desktop/New folder/CU.vhdl Line: 97
Info (286030): Timing-Driven Synthesis is running
Info (17049): 98 registers lost all their fanouts during netlist optimizations.
Info (16010): Generating hard_block partition "hard_block:auto_generated_inst"
    Info (16011): Adding 0 node(s), including 0 DDIO, 0 PLL, 0 transceiver and 0 LCELL
Info (21057): Implemented 166 device resources after synthesis - the final resource count might be different
    Info (21058): Implemented 2 input pins
    Info (21059): Implemented 16 output pins
    Info (21060): Implemented 4 bidirectional pins
    Info (21061): Implemented 144 logic cells
Info: Quartus Prime Analysis & Synthesis was successful. 0 errors, 38 warnings
    Info: Peak virtual memory: 4818 megabytes
    Info: Processing ended: Mon Dec 25 14:24:20 2023
    Info: Elapsed time: 00:00:10
    Info: Total CPU time (on all processors): 00:00:08


